2024-11-27 23:01:08,530 - INFO - Loading training data...
2024-11-27 23:01:08,534 - INFO - Initializing tokenizer and model using bert-base-multilingual-cased
2024-11-27 23:01:12,815 - INFO - Using device: cpu
2024-11-27 23:01:13,496 - INFO - Starting training...
2024-11-27 23:03:26,934 - INFO - Epoch 1/20:
2024-11-27 23:03:26,947 - INFO - Average Training Loss: 6.8072
2024-11-27 23:03:26,948 - INFO - Validation Loss: 0.7697
2024-11-27 23:03:26,949 - INFO - Validation loss decreased from inf to 0.7697. Saving model...
2024-11-27 23:05:10,691 - INFO - Epoch 2/20:
2024-11-27 23:05:10,726 - INFO - Average Training Loss: 0.4165
2024-11-27 23:05:10,726 - INFO - Validation Loss: 0.1749
2024-11-27 23:05:10,727 - INFO - Validation loss decreased from 0.7697 to 0.1749. Saving model...
2024-11-27 23:07:06,595 - INFO - Epoch 3/20:
2024-11-27 23:07:06,595 - INFO - Average Training Loss: 0.1820
2024-11-27 23:07:06,595 - INFO - Validation Loss: 0.0519
2024-11-27 23:07:06,595 - INFO - Validation loss decreased from 0.1749 to 0.0519. Saving model...
2024-11-27 23:08:50,055 - INFO - Epoch 4/20:
2024-11-27 23:08:50,055 - INFO - Average Training Loss: 0.0557
2024-11-27 23:08:50,055 - INFO - Validation Loss: 0.0088
2024-11-27 23:08:50,055 - INFO - Validation loss decreased from 0.0519 to 0.0088. Saving model...
2024-11-27 23:10:40,122 - INFO - Epoch 5/20:
2024-11-27 23:10:40,123 - INFO - Average Training Loss: 0.0179
2024-11-27 23:10:40,123 - INFO - Validation Loss: 0.0049
2024-11-27 23:10:40,123 - INFO - Validation loss decreased from 0.0088 to 0.0049. Saving model...
2024-11-27 23:12:15,254 - INFO - Epoch 6/20:
2024-11-27 23:12:15,255 - INFO - Average Training Loss: 0.0184
2024-11-27 23:12:15,255 - INFO - Validation Loss: 0.0035
2024-11-27 23:12:15,255 - INFO - Validation loss decreased from 0.0049 to 0.0035. Saving model...
2024-11-27 23:14:05,306 - INFO - Epoch 7/20:
2024-11-27 23:14:05,307 - INFO - Average Training Loss: 0.0231
2024-11-27 23:14:05,307 - INFO - Validation Loss: 0.0032
2024-11-27 23:14:05,307 - INFO - Validation loss decreased from 0.0035 to 0.0032. Saving model...
2024-11-27 23:15:43,021 - INFO - Epoch 8/20:
2024-11-27 23:15:43,021 - INFO - Average Training Loss: 0.0102
2024-11-27 23:15:43,021 - INFO - Validation Loss: 0.0030
2024-11-27 23:15:43,022 - INFO - Validation loss decreased from 0.0032 to 0.0030. Saving model...
2024-11-27 23:17:18,176 - INFO - Epoch 9/20:
2024-11-27 23:17:18,176 - INFO - Average Training Loss: 0.0211
2024-11-27 23:17:18,176 - INFO - Validation Loss: 0.0019
2024-11-27 23:17:18,176 - INFO - Validation loss decreased from 0.0030 to 0.0019. Saving model...
2024-11-27 23:18:57,248 - INFO - Epoch 10/20:
2024-11-27 23:18:57,249 - INFO - Average Training Loss: 0.0103
2024-11-27 23:18:57,249 - INFO - Validation Loss: 0.0017
2024-11-27 23:18:57,249 - INFO - Validation loss decreased from 0.0019 to 0.0017. Saving model...
2024-11-27 23:20:33,342 - INFO - Epoch 11/20:
2024-11-27 23:20:33,343 - INFO - Average Training Loss: 0.0073
2024-11-27 23:20:33,343 - INFO - Validation Loss: 0.0016
2024-11-27 23:20:33,343 - INFO - Validation loss decreased from 0.0017 to 0.0016. Saving model...
2024-11-27 23:22:11,319 - INFO - Epoch 12/20:
2024-11-27 23:22:11,319 - INFO - Average Training Loss: 0.0047
2024-11-27 23:22:11,320 - INFO - Validation Loss: 0.0017
2024-11-27 23:22:11,320 - INFO - Validation loss did not improve. Patience: 1/3
2024-11-27 23:23:48,610 - INFO - Epoch 13/20:
2024-11-27 23:23:48,610 - INFO - Average Training Loss: 0.0177
2024-11-27 23:23:48,610 - INFO - Validation Loss: 0.0016
2024-11-27 23:23:48,610 - INFO - Validation loss decreased from 0.0016 to 0.0016. Saving model...
2024-11-27 23:25:29,086 - INFO - Epoch 14/20:
2024-11-27 23:25:29,086 - INFO - Average Training Loss: 0.0041
2024-11-27 23:25:29,086 - INFO - Validation Loss: 0.0015
2024-11-27 23:25:29,086 - INFO - Validation loss decreased from 0.0016 to 0.0015. Saving model...
2024-11-27 23:27:10,684 - INFO - Epoch 15/20:
2024-11-27 23:27:10,685 - INFO - Average Training Loss: 0.0058
2024-11-27 23:27:10,685 - INFO - Validation Loss: 0.0018
2024-11-27 23:27:10,685 - INFO - Validation loss did not improve. Patience: 1/3
2024-11-27 23:28:53,394 - INFO - Epoch 16/20:
2024-11-27 23:28:53,394 - INFO - Average Training Loss: 0.0077
2024-11-27 23:28:53,394 - INFO - Validation Loss: 0.0014
2024-11-27 23:28:53,394 - INFO - Validation loss decreased from 0.0015 to 0.0014. Saving model...
2024-11-27 23:30:48,418 - INFO - Epoch 17/20:
2024-11-27 23:30:48,419 - INFO - Average Training Loss: 0.0072
2024-11-27 23:30:48,419 - INFO - Validation Loss: 0.0012
2024-11-27 23:30:48,419 - INFO - Validation loss decreased from 0.0014 to 0.0012. Saving model...
2024-11-27 23:32:37,074 - INFO - Epoch 18/20:
2024-11-27 23:32:37,074 - INFO - Average Training Loss: 0.0046
2024-11-27 23:32:37,074 - INFO - Validation Loss: 0.0013
2024-11-27 23:32:37,074 - INFO - Validation loss did not improve. Patience: 1/3
2024-11-27 23:34:31,115 - INFO - Epoch 19/20:
2024-11-27 23:34:31,116 - INFO - Average Training Loss: 0.0030
2024-11-27 23:34:31,116 - INFO - Validation Loss: 0.0014
2024-11-27 23:34:31,116 - INFO - Validation loss did not improve. Patience: 2/3
2024-11-27 23:36:19,817 - INFO - Epoch 20/20:
2024-11-27 23:36:19,818 - INFO - Average Training Loss: 0.0039
2024-11-27 23:36:19,818 - INFO - Validation Loss: 0.0013
2024-11-27 23:36:19,818 - INFO - Validation loss did not improve. Patience: 3/3
2024-11-27 23:36:19,818 - INFO - Early stopping triggered after 20 epochs
2024-11-27 23:36:19,818 - INFO - Training completed!
